{
  "uid" : "60b0fa3b38d7c232",
  "name" : "getUserLoginAddBook",
  "fullName" : "Tests.getUserLoginAddBook",
  "historyId" : "342bf8b6b09b7b90d99f2a393a838291",
  "time" : {
    "start" : 1619768070608,
    "stop" : 1619768077247,
    "duration" : 6639
  },
  "description" : "login user, add book, validate book with title",
  "descriptionHtml" : "<p>login user, add book, validate book with title</p>\n",
  "status" : "failed",
  "statusMessage" : "Invalid element state: element click intercepted: Element <button id=\"gotoStore\" type=\"button\" class=\"btn btn-primary\">...</button> is not clickable at point (579, 638). Other element would receive the click: <span>...</span>\r\nScreenshot: file:/C:/Users/monolith/Desktop/TBC/FINAL_JENKINS/test-automation-bootcamp-2020/build/reports/tests/1619768077006.0.png\r\nPage source: file:/C:/Users/monolith/Desktop/TBC/FINAL_JENKINS/test-automation-bootcamp-2020/build/reports/tests/1619768077006.0.html\r\nTimeout: 4 s.\r\nCaused by: ElementClickInterceptedException: element click intercepted: Element <button id=\"gotoStore\" type=\"button\" class=\"btn btn-primary\">...</button> is not clickable at point (579, 638). Other element would receive the click: <span>...</span>",
  "statusTrace" : "Invalid element state: element click intercepted: Element <button id=\"gotoStore\" type=\"button\" class=\"btn btn-primary\">...</button> is not clickable at point (579, 638). Other element would receive the click: <span>...</span>\r\nScreenshot: file:/C:/Users/monolith/Desktop/TBC/FINAL_JENKINS/test-automation-bootcamp-2020/build/reports/tests/1619768077006.0.png\r\nPage source: file:/C:/Users/monolith/Desktop/TBC/FINAL_JENKINS/test-automation-bootcamp-2020/build/reports/tests/1619768077006.0.html\r\nTimeout: 4 s.\r\nCaused by: ElementClickInterceptedException: element click intercepted: Element <button id=\"gotoStore\" type=\"button\" class=\"btn btn-primary\">...</button> is not clickable at point (579, 638). Other element would receive the click: <span>...</span>\r\n\tat com.codeborne.selenide.impl.ExceptionWrapper.wrap(ExceptionWrapper.java:26)\r\n\tat com.codeborne.selenide.impl.SelenideElementProxy.dispatchAndRetry(SelenideElementProxy.java:149)\r\n\tat com.codeborne.selenide.impl.SelenideElementProxy.invoke(SelenideElementProxy.java:79)\r\n\tat jdk.proxy2/jdk.proxy2.$Proxy20.click(Unknown Source)\r\n\tat frontend.steps.ProfileSteps.goBookStore(ProfileSteps.java:25)\r\n\tat Tests.getUserLoginAddBook(Tests.java:196)\r\n\tat java.base/jdk.internal.reflect.NativeMethodAccessorImpl.invoke0(Native Method)\r\n\tat java.base/jdk.internal.reflect.NativeMethodAccessorImpl.invoke(NativeMethodAccessorImpl.java:78)\r\n\tat java.base/jdk.internal.reflect.DelegatingMethodAccessorImpl.invoke(DelegatingMethodAccessorImpl.java:43)\r\n\tat java.base/java.lang.reflect.Method.invoke(Method.java:567)\r\n\tat org.testng.internal.MethodInvocationHelper.invokeMethod(MethodInvocationHelper.java:134)\r\n\tat org.testng.internal.TestInvoker.invokeMethod(TestInvoker.java:597)\r\n\tat org.testng.internal.TestInvoker.invokeTestMethod(TestInvoker.java:173)\r\n\tat org.testng.internal.MethodRunner.runInSequence(MethodRunner.java:46)\r\n\tat org.testng.internal.TestInvoker$MethodInvocationAgent.invoke(TestInvoker.java:816)\r\n\tat org.testng.internal.TestInvoker.invokeTestMethods(TestInvoker.java:146)\r\n\tat org.testng.internal.TestMethodWorker.invokeTestMethods(TestMethodWorker.java:146)\r\n\tat org.testng.internal.TestMethodWorker.run(TestMethodWorker.java:128)\r\n\tat java.base/java.util.ArrayList.forEach(ArrayList.java:1511)\r\n\tat org.testng.TestRunner.privateRun(TestRunner.java:766)\r\n\tat org.testng.TestRunner.run(TestRunner.java:587)\r\n\tat org.testng.SuiteRunner.runTest(SuiteRunner.java:384)\r\n\tat org.testng.SuiteRunner.runSequentially(SuiteRunner.java:378)\r\n\tat org.testng.SuiteRunner.privateRun(SuiteRunner.java:337)\r\n\tat org.testng.SuiteRunner.run(SuiteRunner.java:286)\r\n\tat org.testng.SuiteRunnerWorker.runSuite(SuiteRunnerWorker.java:53)\r\n\tat org.testng.SuiteRunnerWorker.run(SuiteRunnerWorker.java:96)\r\n\tat org.testng.TestNG.runSuitesSequentially(TestNG.java:1187)\r\n\tat org.testng.TestNG.runSuitesLocally(TestNG.java:1109)\r\n\tat org.testng.TestNG.runSuites(TestNG.java:1039)\r\n\tat org.testng.TestNG.run(TestNG.java:1007)\r\n\tat com.intellij.rt.testng.IDEARemoteTestNG.run(IDEARemoteTestNG.java:66)\r\n\tat com.intellij.rt.testng.RemoteTestNGStarter.main(RemoteTestNGStarter.java:109)\r\nCaused by: org.openqa.selenium.ElementClickInterceptedException: element click intercepted: Element <button id=\"gotoStore\" type=\"button\" class=\"btn btn-primary\">...</button> is not clickable at point (579, 638). Other element would receive the click: <span>...</span>\n  (Session info: chrome=90.0.4430.93)\nBuild info: version: '3.141.59', revision: 'e82be7d358', time: '2018-11-14T08:17:03'\nSystem info: host: 'DESKTOP-BSJ5I2T', ip: '192.168.0.109', os.name: 'Windows 10', os.arch: 'amd64', os.version: '10.0', java.version: '16'\nDriver info: org.openqa.selenium.chrome.ChromeDriver\nCapabilities {acceptInsecureCerts: true, browserName: chrome, browserVersion: 90.0.4430.93, chrome: {chromedriverVersion: 90.0.4430.24 (4c6d850f087da..., userDataDir: C:\\Users\\monolith\\AppData\\L...}, goog:chromeOptions: {debuggerAddress: localhost:65505}, javascriptEnabled: true, networkConnectionEnabled: false, pageLoadStrategy: normal, platform: WINDOWS, platformName: WINDOWS, proxy: Proxy(), setWindowRect: true, strictFileInteractability: false, timeouts: {implicit: 0, pageLoad: 300000, script: 30000}, unhandledPromptBehavior: dismiss and notify, webauthn:extension:largeBlob: true, webauthn:virtualAuthenticators: true}\nSession ID: 946001df039ff90b517ca736222de675\r\n\tat java.base/jdk.internal.reflect.NativeConstructorAccessorImpl.newInstance0(Native Method)\r\n\tat java.base/jdk.internal.reflect.NativeConstructorAccessorImpl.newInstance(NativeConstructorAccessorImpl.java:78)\r\n\tat java.base/jdk.internal.reflect.DelegatingConstructorAccessorImpl.newInstance(DelegatingConstructorAccessorImpl.java:45)\r\n\tat java.base/java.lang.reflect.Constructor.newInstanceWithCaller(Constructor.java:499)\r\n\tat java.base/java.lang.reflect.Constructor.newInstance(Constructor.java:480)\r\n\tat org.openqa.selenium.remote.http.W3CHttpResponseCodec.createException(W3CHttpResponseCodec.java:187)\r\n\tat org.openqa.selenium.remote.http.W3CHttpResponseCodec.decode(W3CHttpResponseCodec.java:122)\r\n\tat org.openqa.selenium.remote.http.W3CHttpResponseCodec.decode(W3CHttpResponseCodec.java:49)\r\n\tat org.openqa.selenium.remote.HttpCommandExecutor.execute(HttpCommandExecutor.java:158)\r\n\tat org.openqa.selenium.remote.service.DriverCommandExecutor.execute(DriverCommandExecutor.java:83)\r\n\tat org.openqa.selenium.remote.RemoteWebDriver.execute(RemoteWebDriver.java:552)\r\n\tat org.openqa.selenium.remote.RemoteWebElement.execute(RemoteWebElement.java:285)\r\n\tat org.openqa.selenium.remote.RemoteWebElement.click(RemoteWebElement.java:84)\r\n\tat com.codeborne.selenide.commands.Click.click(Click.java:44)\r\n\tat com.codeborne.selenide.commands.Click.execute(Click.java:25)\r\n\tat com.codeborne.selenide.commands.Click.execute(Click.java:15)\r\n\tat com.codeborne.selenide.commands.Commands.execute(Commands.java:154)\r\n\tat com.codeborne.selenide.impl.SelenideElementProxy.dispatchAndRetry(SelenideElementProxy.java:127)\r\n\t... 31 more\r\n",
  "flaky" : false,
  "newFailed" : false,
  "beforeStages" : [ ],
  "testStage" : {
    "description" : "login user, add book, validate book with title",
    "status" : "failed",
    "statusMessage" : "Invalid element state: element click intercepted: Element <button id=\"gotoStore\" type=\"button\" class=\"btn btn-primary\">...</button> is not clickable at point (579, 638). Other element would receive the click: <span>...</span>\r\nScreenshot: file:/C:/Users/monolith/Desktop/TBC/FINAL_JENKINS/test-automation-bootcamp-2020/build/reports/tests/1619768077006.0.png\r\nPage source: file:/C:/Users/monolith/Desktop/TBC/FINAL_JENKINS/test-automation-bootcamp-2020/build/reports/tests/1619768077006.0.html\r\nTimeout: 4 s.\r\nCaused by: ElementClickInterceptedException: element click intercepted: Element <button id=\"gotoStore\" type=\"button\" class=\"btn btn-primary\">...</button> is not clickable at point (579, 638). Other element would receive the click: <span>...</span>",
    "statusTrace" : "Invalid element state: element click intercepted: Element <button id=\"gotoStore\" type=\"button\" class=\"btn btn-primary\">...</button> is not clickable at point (579, 638). Other element would receive the click: <span>...</span>\r\nScreenshot: file:/C:/Users/monolith/Desktop/TBC/FINAL_JENKINS/test-automation-bootcamp-2020/build/reports/tests/1619768077006.0.png\r\nPage source: file:/C:/Users/monolith/Desktop/TBC/FINAL_JENKINS/test-automation-bootcamp-2020/build/reports/tests/1619768077006.0.html\r\nTimeout: 4 s.\r\nCaused by: ElementClickInterceptedException: element click intercepted: Element <button id=\"gotoStore\" type=\"button\" class=\"btn btn-primary\">...</button> is not clickable at point (579, 638). Other element would receive the click: <span>...</span>\r\n\tat com.codeborne.selenide.impl.ExceptionWrapper.wrap(ExceptionWrapper.java:26)\r\n\tat com.codeborne.selenide.impl.SelenideElementProxy.dispatchAndRetry(SelenideElementProxy.java:149)\r\n\tat com.codeborne.selenide.impl.SelenideElementProxy.invoke(SelenideElementProxy.java:79)\r\n\tat jdk.proxy2/jdk.proxy2.$Proxy20.click(Unknown Source)\r\n\tat frontend.steps.ProfileSteps.goBookStore(ProfileSteps.java:25)\r\n\tat Tests.getUserLoginAddBook(Tests.java:196)\r\n\tat java.base/jdk.internal.reflect.NativeMethodAccessorImpl.invoke0(Native Method)\r\n\tat java.base/jdk.internal.reflect.NativeMethodAccessorImpl.invoke(NativeMethodAccessorImpl.java:78)\r\n\tat java.base/jdk.internal.reflect.DelegatingMethodAccessorImpl.invoke(DelegatingMethodAccessorImpl.java:43)\r\n\tat java.base/java.lang.reflect.Method.invoke(Method.java:567)\r\n\tat org.testng.internal.MethodInvocationHelper.invokeMethod(MethodInvocationHelper.java:134)\r\n\tat org.testng.internal.TestInvoker.invokeMethod(TestInvoker.java:597)\r\n\tat org.testng.internal.TestInvoker.invokeTestMethod(TestInvoker.java:173)\r\n\tat org.testng.internal.MethodRunner.runInSequence(MethodRunner.java:46)\r\n\tat org.testng.internal.TestInvoker$MethodInvocationAgent.invoke(TestInvoker.java:816)\r\n\tat org.testng.internal.TestInvoker.invokeTestMethods(TestInvoker.java:146)\r\n\tat org.testng.internal.TestMethodWorker.invokeTestMethods(TestMethodWorker.java:146)\r\n\tat org.testng.internal.TestMethodWorker.run(TestMethodWorker.java:128)\r\n\tat java.base/java.util.ArrayList.forEach(ArrayList.java:1511)\r\n\tat org.testng.TestRunner.privateRun(TestRunner.java:766)\r\n\tat org.testng.TestRunner.run(TestRunner.java:587)\r\n\tat org.testng.SuiteRunner.runTest(SuiteRunner.java:384)\r\n\tat org.testng.SuiteRunner.runSequentially(SuiteRunner.java:378)\r\n\tat org.testng.SuiteRunner.privateRun(SuiteRunner.java:337)\r\n\tat org.testng.SuiteRunner.run(SuiteRunner.java:286)\r\n\tat org.testng.SuiteRunnerWorker.runSuite(SuiteRunnerWorker.java:53)\r\n\tat org.testng.SuiteRunnerWorker.run(SuiteRunnerWorker.java:96)\r\n\tat org.testng.TestNG.runSuitesSequentially(TestNG.java:1187)\r\n\tat org.testng.TestNG.runSuitesLocally(TestNG.java:1109)\r\n\tat org.testng.TestNG.runSuites(TestNG.java:1039)\r\n\tat org.testng.TestNG.run(TestNG.java:1007)\r\n\tat com.intellij.rt.testng.IDEARemoteTestNG.run(IDEARemoteTestNG.java:66)\r\n\tat com.intellij.rt.testng.RemoteTestNGStarter.main(RemoteTestNGStarter.java:109)\r\nCaused by: org.openqa.selenium.ElementClickInterceptedException: element click intercepted: Element <button id=\"gotoStore\" type=\"button\" class=\"btn btn-primary\">...</button> is not clickable at point (579, 638). Other element would receive the click: <span>...</span>\n  (Session info: chrome=90.0.4430.93)\nBuild info: version: '3.141.59', revision: 'e82be7d358', time: '2018-11-14T08:17:03'\nSystem info: host: 'DESKTOP-BSJ5I2T', ip: '192.168.0.109', os.name: 'Windows 10', os.arch: 'amd64', os.version: '10.0', java.version: '16'\nDriver info: org.openqa.selenium.chrome.ChromeDriver\nCapabilities {acceptInsecureCerts: true, browserName: chrome, browserVersion: 90.0.4430.93, chrome: {chromedriverVersion: 90.0.4430.24 (4c6d850f087da..., userDataDir: C:\\Users\\monolith\\AppData\\L...}, goog:chromeOptions: {debuggerAddress: localhost:65505}, javascriptEnabled: true, networkConnectionEnabled: false, pageLoadStrategy: normal, platform: WINDOWS, platformName: WINDOWS, proxy: Proxy(), setWindowRect: true, strictFileInteractability: false, timeouts: {implicit: 0, pageLoad: 300000, script: 30000}, unhandledPromptBehavior: dismiss and notify, webauthn:extension:largeBlob: true, webauthn:virtualAuthenticators: true}\nSession ID: 946001df039ff90b517ca736222de675\r\n\tat java.base/jdk.internal.reflect.NativeConstructorAccessorImpl.newInstance0(Native Method)\r\n\tat java.base/jdk.internal.reflect.NativeConstructorAccessorImpl.newInstance(NativeConstructorAccessorImpl.java:78)\r\n\tat java.base/jdk.internal.reflect.DelegatingConstructorAccessorImpl.newInstance(DelegatingConstructorAccessorImpl.java:45)\r\n\tat java.base/java.lang.reflect.Constructor.newInstanceWithCaller(Constructor.java:499)\r\n\tat java.base/java.lang.reflect.Constructor.newInstance(Constructor.java:480)\r\n\tat org.openqa.selenium.remote.http.W3CHttpResponseCodec.createException(W3CHttpResponseCodec.java:187)\r\n\tat org.openqa.selenium.remote.http.W3CHttpResponseCodec.decode(W3CHttpResponseCodec.java:122)\r\n\tat org.openqa.selenium.remote.http.W3CHttpResponseCodec.decode(W3CHttpResponseCodec.java:49)\r\n\tat org.openqa.selenium.remote.HttpCommandExecutor.execute(HttpCommandExecutor.java:158)\r\n\tat org.openqa.selenium.remote.service.DriverCommandExecutor.execute(DriverCommandExecutor.java:83)\r\n\tat org.openqa.selenium.remote.RemoteWebDriver.execute(RemoteWebDriver.java:552)\r\n\tat org.openqa.selenium.remote.RemoteWebElement.execute(RemoteWebElement.java:285)\r\n\tat org.openqa.selenium.remote.RemoteWebElement.click(RemoteWebElement.java:84)\r\n\tat com.codeborne.selenide.commands.Click.click(Click.java:44)\r\n\tat com.codeborne.selenide.commands.Click.execute(Click.java:25)\r\n\tat com.codeborne.selenide.commands.Click.execute(Click.java:15)\r\n\tat com.codeborne.selenide.commands.Commands.execute(Commands.java:154)\r\n\tat com.codeborne.selenide.impl.SelenideElementProxy.dispatchAndRetry(SelenideElementProxy.java:127)\r\n\t... 31 more\r\n",
    "steps" : [ {
      "name" : "Enter username user000000000650644558",
      "time" : {
        "start" : 1619768070952,
        "stop" : 1619768071217,
        "duration" : 265
      },
      "status" : "passed",
      "steps" : [ ],
      "attachments" : [ ],
      "parameters" : [ {
        "name" : "username",
        "value" : "user000000000650644558"
      } ],
      "attachmentsCount" : 0,
      "shouldDisplayMessage" : false,
      "stepsCount" : 0,
      "hasContent" : true
    }, {
      "name" : "Enter password Automation@!@123",
      "time" : {
        "start" : 1619768071218,
        "stop" : 1619768071402,
        "duration" : 184
      },
      "status" : "passed",
      "steps" : [ ],
      "attachments" : [ ],
      "parameters" : [ {
        "name" : "password",
        "value" : "Automation@!@123"
      } ],
      "attachmentsCount" : 0,
      "shouldDisplayMessage" : false,
      "stepsCount" : 0,
      "hasContent" : true
    }, {
      "name" : "check username: user000000000650644558",
      "time" : {
        "start" : 1619768071526,
        "stop" : 1619768072006,
        "duration" : 480
      },
      "status" : "passed",
      "steps" : [ ],
      "attachments" : [ ],
      "parameters" : [ {
        "name" : "username",
        "value" : "user000000000650644558"
      } ],
      "attachmentsCount" : 0,
      "shouldDisplayMessage" : false,
      "stepsCount" : 0,
      "hasContent" : true
    }, {
      "name" : "jump to book store",
      "time" : {
        "start" : 1619768072006,
        "stop" : 1619768077216,
        "duration" : 5210
      },
      "status" : "failed",
      "statusMessage" : "Invalid element state: element click intercepted: Element <button id=\"gotoStore\" type=\"button\" class=\"btn btn-primary\">...</button> is not clickable at point (579, 638). Other element would receive the click: <span>...</span>\r\nScreenshot: file:/C:/Users/monolith/Desktop/TBC/FINAL_JENKINS/test-automation-bootcamp-2020/build/reports/tests/1619768077006.0.png\r\nPage source: file:/C:/Users/monolith/Desktop/TBC/FINAL_JENKINS/test-automation-bootcamp-2020/build/reports/tests/1619768077006.0.html\r\nTimeout: 4 s.\r\nCaused by: ElementClickInterceptedException: element click intercepted: Element <button id=\"gotoStore\" type=\"button\" class=\"btn btn-primary\">...</button> is not clickable at point (579, 638). Other element would receive the click: <span>...</span>",
      "statusTrace" : "Invalid element state: element click intercepted: Element <button id=\"gotoStore\" type=\"button\" class=\"btn btn-primary\">...</button> is not clickable at point (579, 638). Other element would receive the click: <span>...</span>\r\nScreenshot: file:/C:/Users/monolith/Desktop/TBC/FINAL_JENKINS/test-automation-bootcamp-2020/build/reports/tests/1619768077006.0.png\r\nPage source: file:/C:/Users/monolith/Desktop/TBC/FINAL_JENKINS/test-automation-bootcamp-2020/build/reports/tests/1619768077006.0.html\r\nTimeout: 4 s.\r\nCaused by: ElementClickInterceptedException: element click intercepted: Element <button id=\"gotoStore\" type=\"button\" class=\"btn btn-primary\">...</button> is not clickable at point (579, 638). Other element would receive the click: <span>...</span>\r\n\tat com.codeborne.selenide.impl.ExceptionWrapper.wrap(ExceptionWrapper.java:26)\r\n\tat com.codeborne.selenide.impl.SelenideElementProxy.dispatchAndRetry(SelenideElementProxy.java:149)\r\n\tat com.codeborne.selenide.impl.SelenideElementProxy.invoke(SelenideElementProxy.java:79)\r\n\tat jdk.proxy2/jdk.proxy2.$Proxy20.click(Unknown Source)\r\n\tat frontend.steps.ProfileSteps.goBookStore(ProfileSteps.java:25)\r\n\tat Tests.getUserLoginAddBook(Tests.java:196)\r\n\tat java.base/jdk.internal.reflect.NativeMethodAccessorImpl.invoke0(Native Method)\r\n\tat java.base/jdk.internal.reflect.NativeMethodAccessorImpl.invoke(NativeMethodAccessorImpl.java:78)\r\n\tat java.base/jdk.internal.reflect.DelegatingMethodAccessorImpl.invoke(DelegatingMethodAccessorImpl.java:43)\r\n\tat java.base/java.lang.reflect.Method.invoke(Method.java:567)\r\n\tat org.testng.internal.MethodInvocationHelper.invokeMethod(MethodInvocationHelper.java:134)\r\n\tat org.testng.internal.TestInvoker.invokeMethod(TestInvoker.java:597)\r\n\tat org.testng.internal.TestInvoker.invokeTestMethod(TestInvoker.java:173)\r\n\tat org.testng.internal.MethodRunner.runInSequence(MethodRunner.java:46)\r\n\tat org.testng.internal.TestInvoker$MethodInvocationAgent.invoke(TestInvoker.java:816)\r\n\tat org.testng.internal.TestInvoker.invokeTestMethods(TestInvoker.java:146)\r\n\tat org.testng.internal.TestMethodWorker.invokeTestMethods(TestMethodWorker.java:146)\r\n\tat org.testng.internal.TestMethodWorker.run(TestMethodWorker.java:128)\r\n\tat java.base/java.util.ArrayList.forEach(ArrayList.java:1511)\r\n\tat org.testng.TestRunner.privateRun(TestRunner.java:766)\r\n\tat org.testng.TestRunner.run(TestRunner.java:587)\r\n\tat org.testng.SuiteRunner.runTest(SuiteRunner.java:384)\r\n\tat org.testng.SuiteRunner.runSequentially(SuiteRunner.java:378)\r\n\tat org.testng.SuiteRunner.privateRun(SuiteRunner.java:337)\r\n\tat org.testng.SuiteRunner.run(SuiteRunner.java:286)\r\n\tat org.testng.SuiteRunnerWorker.runSuite(SuiteRunnerWorker.java:53)\r\n\tat org.testng.SuiteRunnerWorker.run(SuiteRunnerWorker.java:96)\r\n\tat org.testng.TestNG.runSuitesSequentially(TestNG.java:1187)\r\n\tat org.testng.TestNG.runSuitesLocally(TestNG.java:1109)\r\n\tat org.testng.TestNG.runSuites(TestNG.java:1039)\r\n\tat org.testng.TestNG.run(TestNG.java:1007)\r\n\tat com.intellij.rt.testng.IDEARemoteTestNG.run(IDEARemoteTestNG.java:66)\r\n\tat com.intellij.rt.testng.RemoteTestNGStarter.main(RemoteTestNGStarter.java:109)\r\nCaused by: org.openqa.selenium.ElementClickInterceptedException: element click intercepted: Element <button id=\"gotoStore\" type=\"button\" class=\"btn btn-primary\">...</button> is not clickable at point (579, 638). Other element would receive the click: <span>...</span>\n  (Session info: chrome=90.0.4430.93)\nBuild info: version: '3.141.59', revision: 'e82be7d358', time: '2018-11-14T08:17:03'\nSystem info: host: 'DESKTOP-BSJ5I2T', ip: '192.168.0.109', os.name: 'Windows 10', os.arch: 'amd64', os.version: '10.0', java.version: '16'\nDriver info: org.openqa.selenium.chrome.ChromeDriver\nCapabilities {acceptInsecureCerts: true, browserName: chrome, browserVersion: 90.0.4430.93, chrome: {chromedriverVersion: 90.0.4430.24 (4c6d850f087da..., userDataDir: C:\\Users\\monolith\\AppData\\L...}, goog:chromeOptions: {debuggerAddress: localhost:65505}, javascriptEnabled: true, networkConnectionEnabled: false, pageLoadStrategy: normal, platform: WINDOWS, platformName: WINDOWS, proxy: Proxy(), setWindowRect: true, strictFileInteractability: false, timeouts: {implicit: 0, pageLoad: 300000, script: 30000}, unhandledPromptBehavior: dismiss and notify, webauthn:extension:largeBlob: true, webauthn:virtualAuthenticators: true}\nSession ID: 946001df039ff90b517ca736222de675\r\n\tat java.base/jdk.internal.reflect.NativeConstructorAccessorImpl.newInstance0(Native Method)\r\n\tat java.base/jdk.internal.reflect.NativeConstructorAccessorImpl.newInstance(NativeConstructorAccessorImpl.java:78)\r\n\tat java.base/jdk.internal.reflect.DelegatingConstructorAccessorImpl.newInstance(DelegatingConstructorAccessorImpl.java:45)\r\n\tat java.base/java.lang.reflect.Constructor.newInstanceWithCaller(Constructor.java:499)\r\n\tat java.base/java.lang.reflect.Constructor.newInstance(Constructor.java:480)\r\n\tat org.openqa.selenium.remote.http.W3CHttpResponseCodec.createException(W3CHttpResponseCodec.java:187)\r\n\tat org.openqa.selenium.remote.http.W3CHttpResponseCodec.decode(W3CHttpResponseCodec.java:122)\r\n\tat org.openqa.selenium.remote.http.W3CHttpResponseCodec.decode(W3CHttpResponseCodec.java:49)\r\n\tat org.openqa.selenium.remote.HttpCommandExecutor.execute(HttpCommandExecutor.java:158)\r\n\tat org.openqa.selenium.remote.service.DriverCommandExecutor.execute(DriverCommandExecutor.java:83)\r\n\tat org.openqa.selenium.remote.RemoteWebDriver.execute(RemoteWebDriver.java:552)\r\n\tat org.openqa.selenium.remote.RemoteWebElement.execute(RemoteWebElement.java:285)\r\n\tat org.openqa.selenium.remote.RemoteWebElement.click(RemoteWebElement.java:84)\r\n\tat com.codeborne.selenide.commands.Click.click(Click.java:44)\r\n\tat com.codeborne.selenide.commands.Click.execute(Click.java:25)\r\n\tat com.codeborne.selenide.commands.Click.execute(Click.java:15)\r\n\tat com.codeborne.selenide.commands.Commands.execute(Commands.java:154)\r\n\tat com.codeborne.selenide.impl.SelenideElementProxy.dispatchAndRetry(SelenideElementProxy.java:127)\r\n\t... 31 more\r\n",
      "steps" : [ ],
      "attachments" : [ ],
      "parameters" : [ ],
      "attachmentsCount" : 0,
      "shouldDisplayMessage" : true,
      "stepsCount" : 0,
      "hasContent" : true
    } ],
    "attachments" : [ {
      "uid" : "c6eff4735d1adee5",
      "name" : "Screenshot",
      "source" : "c6eff4735d1adee5.png",
      "type" : "image/png",
      "size" : 109852
    } ],
    "parameters" : [ ],
    "attachmentsCount" : 1,
    "shouldDisplayMessage" : false,
    "stepsCount" : 4,
    "hasContent" : true
  },
  "afterStages" : [ ],
  "labels" : [ {
    "name" : "package",
    "value" : "Tests"
  }, {
    "name" : "testClass",
    "value" : "Tests"
  }, {
    "name" : "testMethod",
    "value" : "getUserLoginAddBook"
  }, {
    "name" : "parentSuite",
    "value" : "Default Suite"
  }, {
    "name" : "suite",
    "value" : "test-automation-bootcamp-2020"
  }, {
    "name" : "subSuite",
    "value" : "Tests"
  }, {
    "name" : "host",
    "value" : "DESKTOP-BSJ5I2T"
  }, {
    "name" : "thread",
    "value" : "10400@DESKTOP-BSJ5I2T.main(1)"
  }, {
    "name" : "framework",
    "value" : "testng"
  }, {
    "name" : "language",
    "value" : "java"
  }, {
    "name" : "feature",
    "value" : "login and validate add book"
  }, {
    "name" : "epic",
    "value" : "Books"
  }, {
    "name" : "story",
    "value" : "validate test"
  }, {
    "name" : "resultFormat",
    "value" : "allure2"
  } ],
  "parameters" : [ ],
  "links" : [ ],
  "hidden" : true,
  "retry" : true,
  "extra" : {
    "categories" : [ ],
    "tags" : [ ]
  },
  "source" : "60b0fa3b38d7c232.json",
  "parameterValues" : [ ]
}